runtime: 86.39620852470398
runtime: 51.386775970458984
runtime: 1281.8846988677979
runtime: 46.96060633659363
runtime: 49.44611620903015
runtime: 49.85556697845459
runtime: 49.63860630989075
runtime: 48.788087606430054
runtime: 49.92312979698181
data pre process :  0.010230541229248047
data post process :  0.00038123130798339844
paint :  0.0006883144378662109
runtime: 48.874218463897705
data pre process :  0.9969840049743652
data post process :  0.027959108352661133
paint :  0.0006296634674072266
data pre process :  0.0036420822143554688
data post process :  0.002785921096801758
paint :  0.0006148815155029297
runtime: 50.20570230484009
load model :  0.666862964630127
data pre process :  0.007677316665649414
img predict :  0.2048172950744629
data post process :  0.0003311634063720703
load model :  0.6440355777740479
data pre process :  0.007761240005493164
load model :  0.6742899417877197
data pre process :  0.00952768325805664
load model :  0.6709012985229492
data pre process :  0.01140594482421875
load model :  0.603935718536377
data pre process :  0.009883403778076172
load model :  0.6320927143096924
data pre process :  0.007164478302001953
load model :  0.6622879505157471
data pre process :  0.007749319076538086
img predict :  0.2014014720916748
data post process :  0.0003037452697753906
load model :  0.6742525100708008
data pre process :  0.009270668029785156
img predict :  0.24071192741394043
data post process :  0.00036978721618652344
paint :  0.0006809234619140625
data pre process :  0.005639076232910156
img predict :  0.14894318580627441
data post process :  0.0002548694610595703
paint :  0.0005044937133789062
data pre process :  0.004183530807495117
img predict :  0.14526033401489258
data post process :  0.00025534629821777344
paint :  0.0005090236663818359
runtime: 49.106154918670654
load model :  0.6488182544708252
data pre process :  0.013138771057128906
img predict :  0.23379969596862793
data post process :  0.0003612041473388672
paint :  0.0002715587615966797
paint :  0.0002715587615966797
runtime: 0.9215443134307861
load model :  0.6840500831604004
data pre process :  0.008377552032470703
img predict :  0.2063429355621338
data post process :  0.0004832744598388672
paint :  0.0006957054138183594
paint :  0.0006957054138183594
runtime: 1.316596269607544
load model :  0.6568131446838379
data pre process :  0.007477998733520508
img predict :  0.2014789581298828
data post process :  0.00046706199645996094
paint :  0.0006868839263916016
paint :  0.0006868839263916016
runtime: 0.8824870586395264
