load model :  0.4454672336578369
data pre process :  0.006284952163696289
(1, 33, 44, 80)
(1, 3520, 33)
(1, 3520, 11)
(1, 3520)
[[1.3783508e-03 7.1866909e-04 7.0733321e-04 ... 9.2676972e-05
  2.4233076e-04 5.4406078e-04]]
[[False False False ... False False False]]
(1, 3520) (1, 3520, 11)
[[  0.           0.           0.           0.        ]
 [319.19009399  21.85685349 341.65097046  47.00188065]
 [414.47381592  28.00231743 447.66046143  53.98248291]
 [319.89251709  42.35238647 343.44049072  62.29233932]
 [319.60281372  48.23049164 345.10900879  73.77266693]
 [415.28445435  46.81976318 448.04736328  71.57611084]
 [421.12219238  60.74163055 452.2635498   87.30471039]
 [423.44924927  71.82559204 456.39105225 100.07670593]
 [321.55239868 101.72177887 347.83099365 122.89079285]
 [430.85296631 103.07937622 459.42633057 129.47453308]
 [321.77444458 173.86801147 349.64828491 197.45507812]
 [321.76223755 175.42829895 350.84802246 198.94692993]
 [444.79992676 173.03974915 474.38250732 201.59197998]
 [321.47283936 215.58799744 350.23901367 239.7828064 ]
 [320.48132324 215.86480713 350.74914551 241.03718567]
 [456.27642822 219.25947571 482.80780029 242.37680054]
 [456.21563721 222.42514038 479.13439941 241.49482727]
 [322.51080322 265.47781372 351.69833374 290.17160034]
 [321.28573608 264.57418823 353.34597778 290.93518066]
 [473.58447266 271.31002808 488.84197998 282.7930603 ]
 [469.25048828 270.12442017 487.31506348 283.35955811]
 [321.6711731  263.54116821 355.26501465 291.46871948]
 [272.45639038 281.26702881 300.24295044 301.91262817]
 [277.39056396 287.08297729 300.16781616 309.87088013]
 [271.10437012 296.13366699 298.49780273 319.81558228]
 [269.13543701 305.35766602 297.39764404 329.60189819]
 [268.57870483 311.82131958 298.96664429 333.68612671]
 [268.44824219 320.86056519 299.54187012 341.79864502]]
(1, 3520, 11)
(1, 3520)
(1, 3520) (1, 3520, 11)
[[  0.           0.           0.           0.        ]
 [319.19009399  21.85685349 341.65097046  47.00188065]
 [414.47381592  28.00231743 447.66046143  53.98248291]
 [319.89251709  42.35238647 343.44049072  62.29233932]
 [319.60281372  48.23049164 345.10900879  73.77266693]
 [415.28445435  46.81976318 448.04736328  71.57611084]
 [421.12219238  60.74163055 452.2635498   87.30471039]
 [423.44924927  71.82559204 456.39105225 100.07670593]
 [321.55239868 101.72177887 347.83099365 122.89079285]
 [430.85296631 103.07937622 459.42633057 129.47453308]
 [321.77444458 173.86801147 349.64828491 197.45507812]
 [321.76223755 175.42829895 350.84802246 198.94692993]
 [444.79992676 173.03974915 474.38250732 201.59197998]
 [321.47283936 215.58799744 350.23901367 239.7828064 ]
 [320.48132324 215.86480713 350.74914551 241.03718567]
 [456.27642822 219.25947571 482.80780029 242.37680054]
 [456.21563721 222.42514038 479.13439941 241.49482727]
 [322.51080322 265.47781372 351.69833374 290.17160034]
 [321.28573608 264.57418823 353.34597778 290.93518066]
 [473.58447266 271.31002808 488.84197998 282.7930603 ]
 [469.25048828 270.12442017 487.31506348 283.35955811]
 [321.6711731  263.54116821 355.26501465 291.46871948]
 [272.45639038 281.26702881 300.24295044 301.91262817]
 [277.39056396 287.08297729 300.16781616 309.87088013]
 [271.10437012 296.13366699 298.49780273 319.81558228]
 [269.13543701 305.35766602 297.39764404 329.60189819]
 [268.57870483 311.82131958 298.96664429 333.68612671]
 [268.44824219 320.86056519 299.54187012 341.79864502]
 [411.20135498  26.284935   445.05032349  53.85727692]
 [412.63623047  27.17430878 449.62451172  54.65868378]
 [413.40640259  30.14167023 446.39331055  53.61244965]
 [320.18487549  42.81979752 343.07531738  61.8150177 ]
 [319.32403564  48.41453552 345.32250977  73.51428223]
 [413.59127808  46.19291687 449.89001465  72.08052826]
 [420.16687012  60.21268845 453.35595703  87.78353119]
 [420.51660156  69.38552856 456.46032715 101.51412201]
 [421.67077637  70.56378174 458.40216064 101.17110443]
 [321.75567627 101.78591156 347.66265869 122.81663513]
 [422.29458618  94.32804871 463.96685791 129.84274292]
 [319.96905518 103.41394806 353.54077148 126.73487854]
 [430.54867554 102.87983704 459.92993164 129.83151245]
 [321.58868408 173.90472412 349.82385254 197.29878235]
 [321.46456909 175.33956909 351.16299438 198.86474609]
 [443.1322937  171.7555542  476.40774536 203.07780457]
 [321.01193237 215.47592163 350.88131714 240.21144104]
 [319.82781982 215.95048523 351.54510498 241.24087524]
 [455.4241333  218.29669189 483.84262085 243.20228577]
 [456.26864624 222.09750366 479.43225098 241.69754028]
 [322.02514648 265.57919312 352.1918335  290.06314087]
 [320.46191406 264.77487183 354.18545532 290.87203979]
 [473.51947021 271.45526123 488.77047729 282.64007568]
 [469.51382446 270.29193115 487.08584595 283.1060791 ]
 [320.97406006 263.75866699 356.28027344 291.21160889]
 [272.96658325 281.48648071 299.88955688 301.43539429]
 [269.33108521 306.01104736 297.21633911 329.07232666]
 [268.81219482 312.02197266 298.58557129 332.94137573]
 [268.58462524 320.75836182 299.62557983 341.51135254]]
(1, 3520, 11)
(1, 3520)
(1, 3520) (1, 3520, 11)
[[  0.           0.           0.           0.        ]
 [319.19009399  21.85685349 341.65097046  47.00188065]
 [414.47381592  28.00231743 447.66046143  53.98248291]
 [319.89251709  42.35238647 343.44049072  62.29233932]
 [319.60281372  48.23049164 345.10900879  73.77266693]
 [415.28445435  46.81976318 448.04736328  71.57611084]
 [421.12219238  60.74163055 452.2635498   87.30471039]
 [423.44924927  71.82559204 456.39105225 100.07670593]
 [321.55239868 101.72177887 347.83099365 122.89079285]
 [430.85296631 103.07937622 459.42633057 129.47453308]
 [321.77444458 173.86801147 349.64828491 197.45507812]
 [321.76223755 175.42829895 350.84802246 198.94692993]
 [444.79992676 173.03974915 474.38250732 201.59197998]
 [321.47283936 215.58799744 350.23901367 239.7828064 ]
 [320.48132324 215.86480713 350.74914551 241.03718567]
 [456.27642822 219.25947571 482.80780029 242.37680054]
 [456.21563721 222.42514038 479.13439941 241.49482727]
 [322.51080322 265.47781372 351.69833374 290.17160034]
 [321.28573608 264.57418823 353.34597778 290.93518066]
 [473.58447266 271.31002808 488.84197998 282.7930603 ]
 [469.25048828 270.12442017 487.31506348 283.35955811]
 [321.6711731  263.54116821 355.26501465 291.46871948]
 [272.45639038 281.26702881 300.24295044 301.91262817]
 [277.39056396 287.08297729 300.16781616 309.87088013]
 [271.10437012 296.13366699 298.49780273 319.81558228]
 [269.13543701 305.35766602 297.39764404 329.60189819]
 [268.57870483 311.82131958 298.96664429 333.68612671]
 [268.44824219 320.86056519 299.54187012 341.79864502]
 [411.20135498  26.284935   445.05032349  53.85727692]
 [412.63623047  27.17430878 449.62451172  54.65868378]
 [413.40640259  30.14167023 446.39331055  53.61244965]
 [320.18487549  42.81979752 343.07531738  61.8150177 ]
 [319.32403564  48.41453552 345.32250977  73.51428223]
 [413.59127808  46.19291687 449.89001465  72.08052826]
 [420.16687012  60.21268845 453.35595703  87.78353119]
 [420.51660156  69.38552856 456.46032715 101.51412201]
 [421.67077637  70.56378174 458.40216064 101.17110443]
 [321.75567627 101.78591156 347.66265869 122.81663513]
 [422.29458618  94.32804871 463.96685791 129.84274292]
 [319.96905518 103.41394806 353.54077148 126.73487854]
 [430.54867554 102.87983704 459.92993164 129.83151245]
 [321.58868408 173.90472412 349.82385254 197.29878235]
 [321.46456909 175.33956909 351.16299438 198.86474609]
 [443.1322937  171.7555542  476.40774536 203.07780457]
 [321.01193237 215.47592163 350.88131714 240.21144104]
 [319.82781982 215.95048523 351.54510498 241.24087524]
 [455.4241333  218.29669189 483.84262085 243.20228577]
 [456.26864624 222.09750366 479.43225098 241.69754028]
 [322.02514648 265.57919312 352.1918335  290.06314087]
 [320.46191406 264.77487183 354.18545532 290.87203979]
 [473.51947021 271.45526123 488.77047729 282.64007568]
 [469.51382446 270.29193115 487.08584595 283.1060791 ]
 [320.97406006 263.75866699 356.28027344 291.21160889]
 [272.96658325 281.48648071 299.88955688 301.43539429]
 [269.33108521 306.01104736 297.21633911 329.07232666]
 [268.81219482 312.02197266 298.58557129 332.94137573]
 [268.58462524 320.75836182 299.62557983 341.51135254]
 [319.33563232  22.33086967 341.39877319  46.40420532]
 [411.01290894  26.35897827 445.09228516  53.69663239]
 [412.2454834   27.24724579 449.90036011  54.56447983]
 [413.58172607  30.21447945 446.20327759  53.6084671 ]
 [320.36901855  42.80052948 342.81051636  61.85918427]
 [319.237854    48.31893539 345.30187988  73.67062378]
 [413.6187439   46.3041687  449.8553772   71.99025726]
 [419.9786377   60.24954987 453.56369019  87.70820618]
 [420.52459717  69.33532715 456.61889648 101.48421478]
 [421.46206665  70.55316925 458.83441162 101.3008194 ]
 [321.85223389 101.80550385 347.43273926 122.85425568]
 [421.08880615  94.6071701  465.13839722 129.54623413]
 [319.68591309 103.38591003 353.61297607 126.78038025]
 [430.69992065 102.80474854 459.89135742 129.97340393]
 [321.60894775 173.89846802 349.80401611 197.37158203]
 [321.23236084 175.34498596 351.41351318 198.84861755]
 [443.06484985 171.79498291 476.63708496 203.27458191]
 [321.2779541  215.50427246 350.59109497 240.24293518]
 [319.73800659 215.92478943 351.52679443 241.39115906]
 [455.61071777 218.29110718 483.67364502 243.14529419]
 [456.19219971 222.12332153 479.37649536 241.72685242]
 [322.04705811 265.60748291 352.10351562 290.08282471]
 [320.20489502 264.74090576 354.36740112 290.83746338]
 [473.65838623 271.47076416 488.62817383 282.68841553]
 [469.84686279 270.27078247 486.75836182 283.11853027]
 [321.00128174 263.84240723 356.10754395 291.09292603]
 [273.33639526 281.60665894 299.5227356  301.33938599]
 [269.71524048 305.96292114 296.96871948 329.16989136]
 [269.43347168 312.04626465 298.01062012 332.90557861]
 [269.20770264 320.85623169 299.06613159 341.38430786]]
(1, 33, 22, 40)
(1, 880, 33)
(1, 880, 11)
(1, 880)
(1, 880) (1, 880, 11)
[[  0.           0.           0.           0.        ]
 [319.19009399  21.85685349 341.65097046  47.00188065]
 [414.47381592  28.00231743 447.66046143  53.98248291]
 [319.89251709  42.35238647 343.44049072  62.29233932]
 [319.60281372  48.23049164 345.10900879  73.77266693]
 [415.28445435  46.81976318 448.04736328  71.57611084]
 [421.12219238  60.74163055 452.2635498   87.30471039]
 [423.44924927  71.82559204 456.39105225 100.07670593]
 [321.55239868 101.72177887 347.83099365 122.89079285]
 [430.85296631 103.07937622 459.42633057 129.47453308]
 [321.77444458 173.86801147 349.64828491 197.45507812]
 [321.76223755 175.42829895 350.84802246 198.94692993]
 [444.79992676 173.03974915 474.38250732 201.59197998]
 [321.47283936 215.58799744 350.23901367 239.7828064 ]
 [320.48132324 215.86480713 350.74914551 241.03718567]
 [456.27642822 219.25947571 482.80780029 242.37680054]
 [456.21563721 222.42514038 479.13439941 241.49482727]
 [322.51080322 265.47781372 351.69833374 290.17160034]
 [321.28573608 264.57418823 353.34597778 290.93518066]
 [473.58447266 271.31002808 488.84197998 282.7930603 ]
 [469.25048828 270.12442017 487.31506348 283.35955811]
 [321.6711731  263.54116821 355.26501465 291.46871948]
 [272.45639038 281.26702881 300.24295044 301.91262817]
 [277.39056396 287.08297729 300.16781616 309.87088013]
 [271.10437012 296.13366699 298.49780273 319.81558228]
 [269.13543701 305.35766602 297.39764404 329.60189819]
 [268.57870483 311.82131958 298.96664429 333.68612671]
 [268.44824219 320.86056519 299.54187012 341.79864502]
 [411.20135498  26.284935   445.05032349  53.85727692]
 [412.63623047  27.17430878 449.62451172  54.65868378]
 [413.40640259  30.14167023 446.39331055  53.61244965]
 [320.18487549  42.81979752 343.07531738  61.8150177 ]
 [319.32403564  48.41453552 345.32250977  73.51428223]
 [413.59127808  46.19291687 449.89001465  72.08052826]
 [420.16687012  60.21268845 453.35595703  87.78353119]
 [420.51660156  69.38552856 456.46032715 101.51412201]
 [421.67077637  70.56378174 458.40216064 101.17110443]
 [321.75567627 101.78591156 347.66265869 122.81663513]
 [422.29458618  94.32804871 463.96685791 129.84274292]
 [319.96905518 103.41394806 353.54077148 126.73487854]
 [430.54867554 102.87983704 459.92993164 129.83151245]
 [321.58868408 173.90472412 349.82385254 197.29878235]
 [321.46456909 175.33956909 351.16299438 198.86474609]
 [443.1322937  171.7555542  476.40774536 203.07780457]
 [321.01193237 215.47592163 350.88131714 240.21144104]
 [319.82781982 215.95048523 351.54510498 241.24087524]
 [455.4241333  218.29669189 483.84262085 243.20228577]
 [456.26864624 222.09750366 479.43225098 241.69754028]
 [322.02514648 265.57919312 352.1918335  290.06314087]
 [320.46191406 264.77487183 354.18545532 290.87203979]
 [473.51947021 271.45526123 488.77047729 282.64007568]
 [469.51382446 270.29193115 487.08584595 283.1060791 ]
 [320.97406006 263.75866699 356.28027344 291.21160889]
 [272.96658325 281.48648071 299.88955688 301.43539429]
 [269.33108521 306.01104736 297.21633911 329.07232666]
 [268.81219482 312.02197266 298.58557129 332.94137573]
 [268.58462524 320.75836182 299.62557983 341.51135254]
 [319.33563232  22.33086967 341.39877319  46.40420532]
 [411.01290894  26.35897827 445.09228516  53.69663239]
 [412.2454834   27.24724579 449.90036011  54.56447983]
 [413.58172607  30.21447945 446.20327759  53.6084671 ]
 [320.36901855  42.80052948 342.81051636  61.85918427]
 [319.237854    48.31893539 345.30187988  73.67062378]
 [413.6187439   46.3041687  449.8553772   71.99025726]
 [419.9786377   60.24954987 453.56369019  87.70820618]
 [420.52459717  69.33532715 456.61889648 101.48421478]
 [421.46206665  70.55316925 458.83441162 101.3008194 ]
 [321.85223389 101.80550385 347.43273926 122.85425568]
 [421.08880615  94.6071701  465.13839722 129.54623413]
 [319.68591309 103.38591003 353.61297607 126.78038025]
 [430.69992065 102.80474854 459.89135742 129.97340393]
 [321.60894775 173.89846802 349.80401611 197.37158203]
 [321.23236084 175.34498596 351.41351318 198.84861755]
 [443.06484985 171.79498291 476.63708496 203.27458191]
 [321.2779541  215.50427246 350.59109497 240.24293518]
 [319.73800659 215.92478943 351.52679443 241.39115906]
 [455.61071777 218.29110718 483.67364502 243.14529419]
 [456.19219971 222.12332153 479.37649536 241.72685242]
 [322.04705811 265.60748291 352.10351562 290.08282471]
 [320.20489502 264.74090576 354.36740112 290.83746338]
 [473.65838623 271.47076416 488.62817383 282.68841553]
 [469.84686279 270.27078247 486.75836182 283.11853027]
 [321.00128174 263.84240723 356.10754395 291.09292603]
 [273.33639526 281.60665894 299.5227356  301.33938599]
 [269.71524048 305.96292114 296.96871948 329.16989136]
 [269.43347168 312.04626465 298.01062012 332.90557861]
 [269.20770264 320.85623169 299.06613159 341.38430786]
 [416.55523682   6.45428705 441.32781982  28.5917244 ]
 [320.78991699  14.1756897  343.12756348  34.91678238]
 [321.02282715  12.84351254 343.93383789  32.64285278]
 [416.13693237  10.27542973 439.43511963  28.4247036 ]
 [418.02062988  12.68483162 442.18206787  31.44934654]
 [320.38250732  18.88454628 343.13198853  43.88548279]
 [417.16918945  30.68509483 446.7300415   54.08306503]
 [417.52874756  31.38558578 448.83355713  53.31706238]
 [320.91723633  48.16765594 346.37835693  67.82000732]
 [320.70849609  48.35668182 346.69430542  68.72866058]
 [416.55807495  40.96703339 448.14086914  66.99778748]
 [416.96447754  46.05677032 450.71884155  71.24570465]
 [321.36151123  49.60788345 346.30023193  69.15724182]
 [422.78530884  72.39988708 453.69473267  99.06681061]
 [422.76208496  73.30516815 454.08111572  99.31651306]
 [422.13473511  73.10643768 454.75628662  98.70521545]
 [321.02279663 103.79566193 348.60656738 125.69277191]
 [323.31588745 102.66160583 348.39279175 122.63861084]
 [426.53588867  99.2255249  459.5736084  127.7963028 ]
 [320.8480835  103.08511353 350.01928711 124.66358948]
 [323.54956055 102.5558548  348.73449707 122.88420105]
 [427.84713745 100.50279236 459.0668335  128.75691223]
 [428.31436157 101.69538879 460.11804199 129.90693665]
 [281.16360474 138.9445343  304.50375366 167.81156921]
 [281.22210693 142.12872314 305.09869385 170.08108521]
 [280.18041992 171.46835327 304.94866943 200.8588562 ]
 [319.65423584 174.81300354 348.44192505 196.29803467]
 [321.19519043 175.38415527 348.51428223 197.71264648]
 [446.60949707 173.48562622 477.94683838 200.9379425 ]
 [445.64471436 173.68934631 477.59814453 200.94606018]
 [320.10870361 175.55012512 348.88006592 196.20379639]
 [445.75930786 172.67822266 478.25466919 201.65658569]
 [319.90603638 217.10983276 349.36077881 240.44483948]
 [452.92816162 216.01368713 485.40023804 245.21018982]
 [320.87548828 217.27326965 348.55859375 239.6159668 ]
 [321.09710693 218.34594727 348.77182007 240.62524414]
 [453.20355225 216.15257263 485.10806274 245.2640686 ]
 [453.60388184 216.57867432 485.28518677 246.19946289]
 [321.74334717 265.67874146 352.02069092 289.14047241]
 [274.22625732 269.69393921 300.31945801 293.68450928]
 [274.09503174 269.4230957  300.16928101 292.81225586]
 [321.43286133 264.80093384 351.38555908 288.8572998 ]
 [322.10943604 264.92205811 352.53045654 289.31726074]
 [273.29083252 284.89016724 299.92868042 311.49969482]
 [274.58874512 286.05581665 298.95718384 307.73074341]
 [272.90484619 301.93920898 298.92547607 326.21090698]
 [272.32006836 302.77563477 297.82861328 324.45471191]
 [270.4163208  311.68716431 299.35412598 339.11581421]
 [269.95532227 312.49572754 296.75311279 339.03741455]
 [267.30944824 328.1690979  295.83428955 348.95062256]]
(1, 880, 11)
(1, 880)
(1, 880) (1, 880, 11)
[[  0.           0.           0.           0.        ]
 [319.19009399  21.85685349 341.65097046  47.00188065]
 [414.47381592  28.00231743 447.66046143  53.98248291]
 [319.89251709  42.35238647 343.44049072  62.29233932]
 [319.60281372  48.23049164 345.10900879  73.77266693]
 [415.28445435  46.81976318 448.04736328  71.57611084]
 [421.12219238  60.74163055 452.2635498   87.30471039]
 [423.44924927  71.82559204 456.39105225 100.07670593]
 [321.55239868 101.72177887 347.83099365 122.89079285]
 [430.85296631 103.07937622 459.42633057 129.47453308]
 [321.77444458 173.86801147 349.64828491 197.45507812]
 [321.76223755 175.42829895 350.84802246 198.94692993]
 [444.79992676 173.03974915 474.38250732 201.59197998]
 [321.47283936 215.58799744 350.23901367 239.7828064 ]
 [320.48132324 215.86480713 350.74914551 241.03718567]
 [456.27642822 219.25947571 482.80780029 242.37680054]
 [456.21563721 222.42514038 479.13439941 241.49482727]
 [322.51080322 265.47781372 351.69833374 290.17160034]
 [321.28573608 264.57418823 353.34597778 290.93518066]
 [473.58447266 271.31002808 488.84197998 282.7930603 ]
 [469.25048828 270.12442017 487.31506348 283.35955811]
 [321.6711731  263.54116821 355.26501465 291.46871948]
 [272.45639038 281.26702881 300.24295044 301.91262817]
 [277.39056396 287.08297729 300.16781616 309.87088013]
 [271.10437012 296.13366699 298.49780273 319.81558228]
 [269.13543701 305.35766602 297.39764404 329.60189819]
 [268.57870483 311.82131958 298.96664429 333.68612671]
 [268.44824219 320.86056519 299.54187012 341.79864502]
 [411.20135498  26.284935   445.05032349  53.85727692]
 [412.63623047  27.17430878 449.62451172  54.65868378]
 [413.40640259  30.14167023 446.39331055  53.61244965]
 [320.18487549  42.81979752 343.07531738  61.8150177 ]
 [319.32403564  48.41453552 345.32250977  73.51428223]
 [413.59127808  46.19291687 449.89001465  72.08052826]
 [420.16687012  60.21268845 453.35595703  87.78353119]
 [420.51660156  69.38552856 456.46032715 101.51412201]
 [421.67077637  70.56378174 458.40216064 101.17110443]
 [321.75567627 101.78591156 347.66265869 122.81663513]
 [422.29458618  94.32804871 463.96685791 129.84274292]
 [319.96905518 103.41394806 353.54077148 126.73487854]
 [430.54867554 102.87983704 459.92993164 129.83151245]
 [321.58868408 173.90472412 349.82385254 197.29878235]
 [321.46456909 175.33956909 351.16299438 198.86474609]
 [443.1322937  171.7555542  476.40774536 203.07780457]
 [321.01193237 215.47592163 350.88131714 240.21144104]
 [319.82781982 215.95048523 351.54510498 241.24087524]
 [455.4241333  218.29669189 483.84262085 243.20228577]
 [456.26864624 222.09750366 479.43225098 241.69754028]
 [322.02514648 265.57919312 352.1918335  290.06314087]
 [320.46191406 264.77487183 354.18545532 290.87203979]
 [473.51947021 271.45526123 488.77047729 282.64007568]
 [469.51382446 270.29193115 487.08584595 283.1060791 ]
 [320.97406006 263.75866699 356.28027344 291.21160889]
 [272.96658325 281.48648071 299.88955688 301.43539429]
 [269.33108521 306.01104736 297.21633911 329.07232666]
 [268.81219482 312.02197266 298.58557129 332.94137573]
 [268.58462524 320.75836182 299.62557983 341.51135254]
 [319.33563232  22.33086967 341.39877319  46.40420532]
 [411.01290894  26.35897827 445.09228516  53.69663239]
 [412.2454834   27.24724579 449.90036011  54.56447983]
 [413.58172607  30.21447945 446.20327759  53.6084671 ]
 [320.36901855  42.80052948 342.81051636  61.85918427]
 [319.237854    48.31893539 345.30187988  73.67062378]
 [413.6187439   46.3041687  449.8553772   71.99025726]
 [419.9786377   60.24954987 453.56369019  87.70820618]
 [420.52459717  69.33532715 456.61889648 101.48421478]
 [421.46206665  70.55316925 458.83441162 101.3008194 ]
 [321.85223389 101.80550385 347.43273926 122.85425568]
 [421.08880615  94.6071701  465.13839722 129.54623413]
 [319.68591309 103.38591003 353.61297607 126.78038025]
 [430.69992065 102.80474854 459.89135742 129.97340393]
 [321.60894775 173.89846802 349.80401611 197.37158203]
 [321.23236084 175.34498596 351.41351318 198.84861755]
 [443.06484985 171.79498291 476.63708496 203.27458191]
 [321.2779541  215.50427246 350.59109497 240.24293518]
 [319.73800659 215.92478943 351.52679443 241.39115906]
 [455.61071777 218.29110718 483.67364502 243.14529419]
 [456.19219971 222.12332153 479.37649536 241.72685242]
 [322.04705811 265.60748291 352.10351562 290.08282471]
 [320.20489502 264.74090576 354.36740112 290.83746338]
 [473.65838623 271.47076416 488.62817383 282.68841553]
 [469.84686279 270.27078247 486.75836182 283.11853027]
 [321.00128174 263.84240723 356.10754395 291.09292603]
 [273.33639526 281.60665894 299.5227356  301.33938599]
 [269.71524048 305.96292114 296.96871948 329.16989136]
 [269.43347168 312.04626465 298.01062012 332.90557861]
 [269.20770264 320.85623169 299.06613159 341.38430786]
 [416.55523682   6.45428705 441.32781982  28.5917244 ]
 [320.78991699  14.1756897  343.12756348  34.91678238]
 [321.02282715  12.84351254 343.93383789  32.64285278]
 [416.13693237  10.27542973 439.43511963  28.4247036 ]
 [418.02062988  12.68483162 442.18206787  31.44934654]
 [320.38250732  18.88454628 343.13198853  43.88548279]
 [417.16918945  30.68509483 446.7300415   54.08306503]
 [417.52874756  31.38558578 448.83355713  53.31706238]
 [320.91723633  48.16765594 346.37835693  67.82000732]
 [320.70849609  48.35668182 346.69430542  68.72866058]
 [416.55807495  40.96703339 448.14086914  66.99778748]
 [416.96447754  46.05677032 450.71884155  71.24570465]
 [321.36151123  49.60788345 346.30023193  69.15724182]
 [422.78530884  72.39988708 453.69473267  99.06681061]
 [422.76208496  73.30516815 454.08111572  99.31651306]
 [422.13473511  73.10643768 454.75628662  98.70521545]
 [321.02279663 103.79566193 348.60656738 125.69277191]
 [323.31588745 102.66160583 348.39279175 122.63861084]
 [426.53588867  99.2255249  459.5736084  127.7963028 ]
 [320.8480835  103.08511353 350.01928711 124.66358948]
 [323.54956055 102.5558548  348.73449707 122.88420105]
 [427.84713745 100.50279236 459.0668335  128.75691223]
 [428.31436157 101.69538879 460.11804199 129.90693665]
 [281.16360474 138.9445343  304.50375366 167.81156921]
 [281.22210693 142.12872314 305.09869385 170.08108521]
 [280.18041992 171.46835327 304.94866943 200.8588562 ]
 [319.65423584 174.81300354 348.44192505 196.29803467]
 [321.19519043 175.38415527 348.51428223 197.71264648]
 [446.60949707 173.48562622 477.94683838 200.9379425 ]
 [445.64471436 173.68934631 477.59814453 200.94606018]
 [320.10870361 175.55012512 348.88006592 196.20379639]
 [445.75930786 172.67822266 478.25466919 201.65658569]
 [319.90603638 217.10983276 349.36077881 240.44483948]
 [452.92816162 216.01368713 485.40023804 245.21018982]
 [320.87548828 217.27326965 348.55859375 239.6159668 ]
 [321.09710693 218.34594727 348.77182007 240.62524414]
 [453.20355225 216.15257263 485.10806274 245.2640686 ]
 [453.60388184 216.57867432 485.28518677 246.19946289]
 [321.74334717 265.67874146 352.02069092 289.14047241]
 [274.22625732 269.69393921 300.31945801 293.68450928]
 [274.09503174 269.4230957  300.16928101 292.81225586]
 [321.43286133 264.80093384 351.38555908 288.8572998 ]
 [322.10943604 264.92205811 352.53045654 289.31726074]
 [273.29083252 284.89016724 299.92868042 311.49969482]
 [274.58874512 286.05581665 298.95718384 307.73074341]
 [272.90484619 301.93920898 298.92547607 326.21090698]
 [272.32006836 302.77563477 297.82861328 324.45471191]
 [270.4163208  311.68716431 299.35412598 339.11581421]
 [269.95532227 312.49572754 296.75311279 339.03741455]
 [267.30944824 328.1690979  295.83428955 348.95062256]
 [322.05368042   7.73118305 341.78985596  25.84851646]
 [416.40917969   6.31724882 441.08792114  28.03964806]
 [320.95965576  14.43671703 342.93087769  34.56007385]
 [321.20266724  13.01136398 343.74575806  32.34217072]
 [416.27703857  10.28529644 439.28601074  28.024786  ]
 [418.30541992  12.64987087 441.84570312  31.08622742]
 [320.36532593  18.90976906 343.07339478  44.07683182]
 [417.35641479  30.69326782 446.6116333   54.01761627]
 [418.06164551  31.42620087 448.25604248  53.18476105]
 [320.89593506  48.09973907 346.31347656  67.81199646]
 [320.73284912  48.36483765 346.6131897   68.64656067]
 [416.94595337  41.1013298  447.85650635  66.80309296]
 [417.44631958  45.88630295 450.3109436   71.24549866]
 [321.17694092  49.61687469 346.37927246  69.17549896]
 [422.66503906  72.16026306 453.7097168   99.13657379]
 [423.43704224  73.6186676  453.48327637  99.09777832]
 [422.35461426  73.16960144 454.46759033  98.68019104]
 [321.16491699 103.71089172 348.51739502 125.75767517]
 [323.25863647 102.68164062 348.45440674 122.57357025]
 [426.46759033  99.16051483 459.7114563  127.7093277 ]
 [320.96624756 103.038414   349.84466553 124.8256073 ]
 [323.28100586 102.50701904 349.03259277 123.03844452]
 [427.76046753 100.58565521 459.11758423 128.61141968]
 [428.51361084 101.71618652 459.91848755 129.85493469]
 [281.32171631 138.85964966 304.41113281 167.94703674]
 [281.23748779 141.9969635  305.02941895 170.42295837]
 [280.34335327 172.08807373 304.81063843 201.48684692]
 [319.53070068 174.97058105 348.38146973 196.48970032]
 [321.01831055 175.51040649 348.70263672 197.81736755]
 [446.57873535 173.51327515 477.97042847 201.01205444]
 [445.7572937  173.81832886 477.465271   200.94206238]
 [320.14428711 175.58522034 348.81988525 196.24078369]
 [445.775177   172.71827698 478.26641846 201.67199707]
 [319.91464233 217.11372375 349.41088867 240.55384827]
 [453.05038452 216.01116943 485.34063721 245.19021606]
 [320.9616394  217.33358765 348.37695312 239.70687866]
 [321.0390625  218.42184448 348.86773682 240.63945007]
 [453.38421631 216.25183105 484.95059204 245.10560608]
 [453.67889404 216.79742432 485.23010254 246.09963989]
 [321.80841064 265.55389404 352.04064941 289.20217896]
 [274.18728638 270.01696777 300.33578491 293.91485596]
 [274.03363037 270.09295654 300.09570312 293.32397461]
 [321.56817627 264.90402222 351.14788818 288.92996216]
 [322.24163818 264.91043091 352.45349121 289.26220703]
 [470.92169189 272.10498047 490.1272583  285.20974731]
 [273.27713013 285.03833008 299.83920288 311.22570801]
 [274.46539307 286.85272217 299.12030029 307.91162109]
 [272.94848633 302.32849121 298.90921021 326.47473145]
 [272.19570923 303.55349731 297.90499878 324.40899658]
 [270.55096436 311.70440674 299.32495117 338.7024231 ]
 [269.73608398 312.7605896  296.85314941 338.70233154]
 [267.19897461 329.69317627 296.08929443 350.17178345]]
(1, 880, 11)
(1, 880)
(1, 880) (1, 880, 11)
[[  0.           0.           0.           0.        ]
 [319.19009399  21.85685349 341.65097046  47.00188065]
 [414.47381592  28.00231743 447.66046143  53.98248291]
 [319.89251709  42.35238647 343.44049072  62.29233932]
 [319.60281372  48.23049164 345.10900879  73.77266693]
 [415.28445435  46.81976318 448.04736328  71.57611084]
 [421.12219238  60.74163055 452.2635498   87.30471039]
 [423.44924927  71.82559204 456.39105225 100.07670593]
 [321.55239868 101.72177887 347.83099365 122.89079285]
 [430.85296631 103.07937622 459.42633057 129.47453308]
 [321.77444458 173.86801147 349.64828491 197.45507812]
 [321.76223755 175.42829895 350.84802246 198.94692993]
 [444.79992676 173.03974915 474.38250732 201.59197998]
 [321.47283936 215.58799744 350.23901367 239.7828064 ]
 [320.48132324 215.86480713 350.74914551 241.03718567]
 [456.27642822 219.25947571 482.80780029 242.37680054]
 [456.21563721 222.42514038 479.13439941 241.49482727]
 [322.51080322 265.47781372 351.69833374 290.17160034]
 [321.28573608 264.57418823 353.34597778 290.93518066]
 [473.58447266 271.31002808 488.84197998 282.7930603 ]
 [469.25048828 270.12442017 487.31506348 283.35955811]
 [321.6711731  263.54116821 355.26501465 291.46871948]
 [272.45639038 281.26702881 300.24295044 301.91262817]
 [277.39056396 287.08297729 300.16781616 309.87088013]
 [271.10437012 296.13366699 298.49780273 319.81558228]
 [269.13543701 305.35766602 297.39764404 329.60189819]
 [268.57870483 311.82131958 298.96664429 333.68612671]
 [268.44824219 320.86056519 299.54187012 341.79864502]
 [411.20135498  26.284935   445.05032349  53.85727692]
 [412.63623047  27.17430878 449.62451172  54.65868378]
 [413.40640259  30.14167023 446.39331055  53.61244965]
 [320.18487549  42.81979752 343.07531738  61.8150177 ]
 [319.32403564  48.41453552 345.32250977  73.51428223]
 [413.59127808  46.19291687 449.89001465  72.08052826]
 [420.16687012  60.21268845 453.35595703  87.78353119]
 [420.51660156  69.38552856 456.46032715 101.51412201]
 [421.67077637  70.56378174 458.40216064 101.17110443]
 [321.75567627 101.78591156 347.66265869 122.81663513]
 [422.29458618  94.32804871 463.96685791 129.84274292]
 [319.96905518 103.41394806 353.54077148 126.73487854]
 [430.54867554 102.87983704 459.92993164 129.83151245]
 [321.58868408 173.90472412 349.82385254 197.29878235]
 [321.46456909 175.33956909 351.16299438 198.86474609]
 [443.1322937  171.7555542  476.40774536 203.07780457]
 [321.01193237 215.47592163 350.88131714 240.21144104]
 [319.82781982 215.95048523 351.54510498 241.24087524]
 [455.4241333  218.29669189 483.84262085 243.20228577]
 [456.26864624 222.09750366 479.43225098 241.69754028]
 [322.02514648 265.57919312 352.1918335  290.06314087]
 [320.46191406 264.77487183 354.18545532 290.87203979]
 [473.51947021 271.45526123 488.77047729 282.64007568]
 [469.51382446 270.29193115 487.08584595 283.1060791 ]
 [320.97406006 263.75866699 356.28027344 291.21160889]
 [272.96658325 281.48648071 299.88955688 301.43539429]
 [269.33108521 306.01104736 297.21633911 329.07232666]
 [268.81219482 312.02197266 298.58557129 332.94137573]
 [268.58462524 320.75836182 299.62557983 341.51135254]
 [319.33563232  22.33086967 341.39877319  46.40420532]
 [411.01290894  26.35897827 445.09228516  53.69663239]
 [412.2454834   27.24724579 449.90036011  54.56447983]
 [413.58172607  30.21447945 446.20327759  53.6084671 ]
 [320.36901855  42.80052948 342.81051636  61.85918427]
 [319.237854    48.31893539 345.30187988  73.67062378]
 [413.6187439   46.3041687  449.8553772   71.99025726]
 [419.9786377   60.24954987 453.56369019  87.70820618]
 [420.52459717  69.33532715 456.61889648 101.48421478]
 [421.46206665  70.55316925 458.83441162 101.3008194 ]
 [321.85223389 101.80550385 347.43273926 122.85425568]
 [421.08880615  94.6071701  465.13839722 129.54623413]
 [319.68591309 103.38591003 353.61297607 126.78038025]
 [430.69992065 102.80474854 459.89135742 129.97340393]
 [321.60894775 173.89846802 349.80401611 197.37158203]
 [321.23236084 175.34498596 351.41351318 198.84861755]
 [443.06484985 171.79498291 476.63708496 203.27458191]
 [321.2779541  215.50427246 350.59109497 240.24293518]
 [319.73800659 215.92478943 351.52679443 241.39115906]
 [455.61071777 218.29110718 483.67364502 243.14529419]
 [456.19219971 222.12332153 479.37649536 241.72685242]
 [322.04705811 265.60748291 352.10351562 290.08282471]
 [320.20489502 264.74090576 354.36740112 290.83746338]
 [473.65838623 271.47076416 488.62817383 282.68841553]
 [469.84686279 270.27078247 486.75836182 283.11853027]
 [321.00128174 263.84240723 356.10754395 291.09292603]
 [273.33639526 281.60665894 299.5227356  301.33938599]
 [269.71524048 305.96292114 296.96871948 329.16989136]
 [269.43347168 312.04626465 298.01062012 332.90557861]
 [269.20770264 320.85623169 299.06613159 341.38430786]
 [416.55523682   6.45428705 441.32781982  28.5917244 ]
 [320.78991699  14.1756897  343.12756348  34.91678238]
 [321.02282715  12.84351254 343.93383789  32.64285278]
 [416.13693237  10.27542973 439.43511963  28.4247036 ]
 [418.02062988  12.68483162 442.18206787  31.44934654]
 [320.38250732  18.88454628 343.13198853  43.88548279]
 [417.16918945  30.68509483 446.7300415   54.08306503]
 [417.52874756  31.38558578 448.83355713  53.31706238]
 [320.91723633  48.16765594 346.37835693  67.82000732]
 [320.70849609  48.35668182 346.69430542  68.72866058]
 [416.55807495  40.96703339 448.14086914  66.99778748]
 [416.96447754  46.05677032 450.71884155  71.24570465]
 [321.36151123  49.60788345 346.30023193  69.15724182]
 [422.78530884  72.39988708 453.69473267  99.06681061]
 [422.76208496  73.30516815 454.08111572  99.31651306]
 [422.13473511  73.10643768 454.75628662  98.70521545]
 [321.02279663 103.79566193 348.60656738 125.69277191]
 [323.31588745 102.66160583 348.39279175 122.63861084]
 [426.53588867  99.2255249  459.5736084  127.7963028 ]
 [320.8480835  103.08511353 350.01928711 124.66358948]
 [323.54956055 102.5558548  348.73449707 122.88420105]
 [427.84713745 100.50279236 459.0668335  128.75691223]
 [428.31436157 101.69538879 460.11804199 129.90693665]
 [281.16360474 138.9445343  304.50375366 167.81156921]
 [281.22210693 142.12872314 305.09869385 170.08108521]
 [280.18041992 171.46835327 304.94866943 200.8588562 ]
 [319.65423584 174.81300354 348.44192505 196.29803467]
 [321.19519043 175.38415527 348.51428223 197.71264648]
 [446.60949707 173.48562622 477.94683838 200.9379425 ]
 [445.64471436 173.68934631 477.59814453 200.94606018]
 [320.10870361 175.55012512 348.88006592 196.20379639]
 [445.75930786 172.67822266 478.25466919 201.65658569]
 [319.90603638 217.10983276 349.36077881 240.44483948]
 [452.92816162 216.01368713 485.40023804 245.21018982]
 [320.87548828 217.27326965 348.55859375 239.6159668 ]
 [321.09710693 218.34594727 348.77182007 240.62524414]
 [453.20355225 216.15257263 485.10806274 245.2640686 ]
 [453.60388184 216.57867432 485.28518677 246.19946289]
 [321.74334717 265.67874146 352.02069092 289.14047241]
 [274.22625732 269.69393921 300.31945801 293.68450928]
 [274.09503174 269.4230957  300.16928101 292.81225586]
 [321.43286133 264.80093384 351.38555908 288.8572998 ]
 [322.10943604 264.92205811 352.53045654 289.31726074]
 [273.29083252 284.89016724 299.92868042 311.49969482]
 [274.58874512 286.05581665 298.95718384 307.73074341]
 [272.90484619 301.93920898 298.92547607 326.21090698]
 [272.32006836 302.77563477 297.82861328 324.45471191]
 [270.4163208  311.68716431 299.35412598 339.11581421]
 [269.95532227 312.49572754 296.75311279 339.03741455]
 [267.30944824 328.1690979  295.83428955 348.95062256]
 [322.05368042   7.73118305 341.78985596  25.84851646]
 [416.40917969   6.31724882 441.08792114  28.03964806]
 [320.95965576  14.43671703 342.93087769  34.56007385]
 [321.20266724  13.01136398 343.74575806  32.34217072]
 [416.27703857  10.28529644 439.28601074  28.024786  ]
 [418.30541992  12.64987087 441.84570312  31.08622742]
 [320.36532593  18.90976906 343.07339478  44.07683182]
 [417.35641479  30.69326782 446.6116333   54.01761627]
 [418.06164551  31.42620087 448.25604248  53.18476105]
 [320.89593506  48.09973907 346.31347656  67.81199646]
 [320.73284912  48.36483765 346.6131897   68.64656067]
 [416.94595337  41.1013298  447.85650635  66.80309296]
 [417.44631958  45.88630295 450.3109436   71.24549866]
 [321.17694092  49.61687469 346.37927246  69.17549896]
 [422.66503906  72.16026306 453.7097168   99.13657379]
 [423.43704224  73.6186676  453.48327637  99.09777832]
 [422.35461426  73.16960144 454.46759033  98.68019104]
 [321.16491699 103.71089172 348.51739502 125.75767517]
 [323.25863647 102.68164062 348.45440674 122.57357025]
 [426.46759033  99.16051483 459.7114563  127.7093277 ]
 [320.96624756 103.038414   349.84466553 124.8256073 ]
 [323.28100586 102.50701904 349.03259277 123.03844452]
 [427.76046753 100.58565521 459.11758423 128.61141968]
 [428.51361084 101.71618652 459.91848755 129.85493469]
 [281.32171631 138.85964966 304.41113281 167.94703674]
 [281.23748779 141.9969635  305.02941895 170.42295837]
 [280.34335327 172.08807373 304.81063843 201.48684692]
 [319.53070068 174.97058105 348.38146973 196.48970032]
 [321.01831055 175.51040649 348.70263672 197.81736755]
 [446.57873535 173.51327515 477.97042847 201.01205444]
 [445.7572937  173.81832886 477.465271   200.94206238]
 [320.14428711 175.58522034 348.81988525 196.24078369]
 [445.775177   172.71827698 478.26641846 201.67199707]
 [319.91464233 217.11372375 349.41088867 240.55384827]
 [453.05038452 216.01116943 485.34063721 245.19021606]
 [320.9616394  217.33358765 348.37695312 239.70687866]
 [321.0390625  218.42184448 348.86773682 240.63945007]
 [453.38421631 216.25183105 484.95059204 245.10560608]
 [453.67889404 216.79742432 485.23010254 246.09963989]
 [321.80841064 265.55389404 352.04064941 289.20217896]
 [274.18728638 270.01696777 300.33578491 293.91485596]
 [274.03363037 270.09295654 300.09570312 293.32397461]
 [321.56817627 264.90402222 351.14788818 288.92996216]
 [322.24163818 264.91043091 352.45349121 289.26220703]
 [470.92169189 272.10498047 490.1272583  285.20974731]
 [273.27713013 285.03833008 299.83920288 311.22570801]
 [274.46539307 286.85272217 299.12030029 307.91162109]
 [272.94848633 302.32849121 298.90921021 326.47473145]
 [272.19570923 303.55349731 297.90499878 324.40899658]
 [270.55096436 311.70440674 299.32495117 338.7024231 ]
 [269.73608398 312.7605896  296.85314941 338.70233154]
 [267.19897461 329.69317627 296.08929443 350.17178345]
 [452.89331055 215.66976929 485.92919922 247.08734131]]
(1, 33, 11, 20)
(1, 220, 33)
(1, 220, 11)
(1, 220)
(1, 220) (1, 220, 11)
[[  0.           0.           0.           0.        ]
 [319.19009399  21.85685349 341.65097046  47.00188065]
 [414.47381592  28.00231743 447.66046143  53.98248291]
 [319.89251709  42.35238647 343.44049072  62.29233932]
 [319.60281372  48.23049164 345.10900879  73.77266693]
 [415.28445435  46.81976318 448.04736328  71.57611084]
 [421.12219238  60.74163055 452.2635498   87.30471039]
 [423.44924927  71.82559204 456.39105225 100.07670593]
 [321.55239868 101.72177887 347.83099365 122.89079285]
 [430.85296631 103.07937622 459.42633057 129.47453308]
 [321.77444458 173.86801147 349.64828491 197.45507812]
 [321.76223755 175.42829895 350.84802246 198.94692993]
 [444.79992676 173.03974915 474.38250732 201.59197998]
 [321.47283936 215.58799744 350.23901367 239.7828064 ]
 [320.48132324 215.86480713 350.74914551 241.03718567]
 [456.27642822 219.25947571 482.80780029 242.37680054]
 [456.21563721 222.42514038 479.13439941 241.49482727]
 [322.51080322 265.47781372 351.69833374 290.17160034]
 [321.28573608 264.57418823 353.34597778 290.93518066]
 [473.58447266 271.31002808 488.84197998 282.7930603 ]
 [469.25048828 270.12442017 487.31506348 283.35955811]
 [321.6711731  263.54116821 355.26501465 291.46871948]
 [272.45639038 281.26702881 300.24295044 301.91262817]
 [277.39056396 287.08297729 300.16781616 309.87088013]
 [271.10437012 296.13366699 298.49780273 319.81558228]
 [269.13543701 305.35766602 297.39764404 329.60189819]
 [268.57870483 311.82131958 298.96664429 333.68612671]
 [268.44824219 320.86056519 299.54187012 341.79864502]
 [411.20135498  26.284935   445.05032349  53.85727692]
 [412.63623047  27.17430878 449.62451172  54.65868378]
 [413.40640259  30.14167023 446.39331055  53.61244965]
 [320.18487549  42.81979752 343.07531738  61.8150177 ]
 [319.32403564  48.41453552 345.32250977  73.51428223]
 [413.59127808  46.19291687 449.89001465  72.08052826]
 [420.16687012  60.21268845 453.35595703  87.78353119]
 [420.51660156  69.38552856 456.46032715 101.51412201]
 [421.67077637  70.56378174 458.40216064 101.17110443]
 [321.75567627 101.78591156 347.66265869 122.81663513]
 [422.29458618  94.32804871 463.96685791 129.84274292]
 [319.96905518 103.41394806 353.54077148 126.73487854]
 [430.54867554 102.87983704 459.92993164 129.83151245]
 [321.58868408 173.90472412 349.82385254 197.29878235]
 [321.46456909 175.33956909 351.16299438 198.86474609]
 [443.1322937  171.7555542  476.40774536 203.07780457]
 [321.01193237 215.47592163 350.88131714 240.21144104]
 [319.82781982 215.95048523 351.54510498 241.24087524]
 [455.4241333  218.29669189 483.84262085 243.20228577]
 [456.26864624 222.09750366 479.43225098 241.69754028]
 [322.02514648 265.57919312 352.1918335  290.06314087]
 [320.46191406 264.77487183 354.18545532 290.87203979]
 [473.51947021 271.45526123 488.77047729 282.64007568]
 [469.51382446 270.29193115 487.08584595 283.1060791 ]
 [320.97406006 263.75866699 356.28027344 291.21160889]
 [272.96658325 281.48648071 299.88955688 301.43539429]
 [269.33108521 306.01104736 297.21633911 329.07232666]
 [268.81219482 312.02197266 298.58557129 332.94137573]
 [268.58462524 320.75836182 299.62557983 341.51135254]
 [319.33563232  22.33086967 341.39877319  46.40420532]
 [411.01290894  26.35897827 445.09228516  53.69663239]
 [412.2454834   27.24724579 449.90036011  54.56447983]
 [413.58172607  30.21447945 446.20327759  53.6084671 ]
 [320.36901855  42.80052948 342.81051636  61.85918427]
 [319.237854    48.31893539 345.30187988  73.67062378]
 [413.6187439   46.3041687  449.8553772   71.99025726]
 [419.9786377   60.24954987 453.56369019  87.70820618]
 [420.52459717  69.33532715 456.61889648 101.48421478]
 [421.46206665  70.55316925 458.83441162 101.3008194 ]
 [321.85223389 101.80550385 347.43273926 122.85425568]
 [421.08880615  94.6071701  465.13839722 129.54623413]
 [319.68591309 103.38591003 353.61297607 126.78038025]
 [430.69992065 102.80474854 459.89135742 129.97340393]
 [321.60894775 173.89846802 349.80401611 197.37158203]
 [321.23236084 175.34498596 351.41351318 198.84861755]
 [443.06484985 171.79498291 476.63708496 203.27458191]
 [321.2779541  215.50427246 350.59109497 240.24293518]
 [319.73800659 215.92478943 351.52679443 241.39115906]
 [455.61071777 218.29110718 483.67364502 243.14529419]
 [456.19219971 222.12332153 479.37649536 241.72685242]
 [322.04705811 265.60748291 352.10351562 290.08282471]
 [320.20489502 264.74090576 354.36740112 290.83746338]
 [473.65838623 271.47076416 488.62817383 282.68841553]
 [469.84686279 270.27078247 486.75836182 283.11853027]
 [321.00128174 263.84240723 356.10754395 291.09292603]
 [273.33639526 281.60665894 299.5227356  301.33938599]
 [269.71524048 305.96292114 296.96871948 329.16989136]
 [269.43347168 312.04626465 298.01062012 332.90557861]
 [269.20770264 320.85623169 299.06613159 341.38430786]
 [416.55523682   6.45428705 441.32781982  28.5917244 ]
 [320.78991699  14.1756897  343.12756348  34.91678238]
 [321.02282715  12.84351254 343.93383789  32.64285278]
 [416.13693237  10.27542973 439.43511963  28.4247036 ]
 [418.02062988  12.68483162 442.18206787  31.44934654]
 [320.38250732  18.88454628 343.13198853  43.88548279]
 [417.16918945  30.68509483 446.7300415   54.08306503]
 [417.52874756  31.38558578 448.83355713  53.31706238]
 [320.91723633  48.16765594 346.37835693  67.82000732]
 [320.70849609  48.35668182 346.69430542  68.72866058]
 [416.55807495  40.96703339 448.14086914  66.99778748]
 [416.96447754  46.05677032 450.71884155  71.24570465]
 [321.36151123  49.60788345 346.30023193  69.15724182]
 [422.78530884  72.39988708 453.69473267  99.06681061]
 [422.76208496  73.30516815 454.08111572  99.31651306]
 [422.13473511  73.10643768 454.75628662  98.70521545]
 [321.02279663 103.79566193 348.60656738 125.69277191]
 [323.31588745 102.66160583 348.39279175 122.63861084]
 [426.53588867  99.2255249  459.5736084  127.7963028 ]
 [320.8480835  103.08511353 350.01928711 124.66358948]
 [323.54956055 102.5558548  348.73449707 122.88420105]
 [427.84713745 100.50279236 459.0668335  128.75691223]
 [428.31436157 101.69538879 460.11804199 129.90693665]
 [281.16360474 138.9445343  304.50375366 167.81156921]
 [281.22210693 142.12872314 305.09869385 170.08108521]
 [280.18041992 171.46835327 304.94866943 200.8588562 ]
 [319.65423584 174.81300354 348.44192505 196.29803467]
 [321.19519043 175.38415527 348.51428223 197.71264648]
 [446.60949707 173.48562622 477.94683838 200.9379425 ]
 [445.64471436 173.68934631 477.59814453 200.94606018]
 [320.10870361 175.55012512 348.88006592 196.20379639]
 [445.75930786 172.67822266 478.25466919 201.65658569]
 [319.90603638 217.10983276 349.36077881 240.44483948]
 [452.92816162 216.01368713 485.40023804 245.21018982]
 [320.87548828 217.27326965 348.55859375 239.6159668 ]
 [321.09710693 218.34594727 348.77182007 240.62524414]
 [453.20355225 216.15257263 485.10806274 245.2640686 ]
 [453.60388184 216.57867432 485.28518677 246.19946289]
 [321.74334717 265.67874146 352.02069092 289.14047241]
 [274.22625732 269.69393921 300.31945801 293.68450928]
 [274.09503174 269.4230957  300.16928101 292.81225586]
 [321.43286133 264.80093384 351.38555908 288.8572998 ]
 [322.10943604 264.92205811 352.53045654 289.31726074]
 [273.29083252 284.89016724 299.92868042 311.49969482]
 [274.58874512 286.05581665 298.95718384 307.73074341]
 [272.90484619 301.93920898 298.92547607 326.21090698]
 [272.32006836 302.77563477 297.82861328 324.45471191]
 [270.4163208  311.68716431 299.35412598 339.11581421]
 [269.95532227 312.49572754 296.75311279 339.03741455]
 [267.30944824 328.1690979  295.83428955 348.95062256]
 [322.05368042   7.73118305 341.78985596  25.84851646]
 [416.40917969   6.31724882 441.08792114  28.03964806]
 [320.95965576  14.43671703 342.93087769  34.56007385]
 [321.20266724  13.01136398 343.74575806  32.34217072]
 [416.27703857  10.28529644 439.28601074  28.024786  ]
 [418.30541992  12.64987087 441.84570312  31.08622742]
 [320.36532593  18.90976906 343.07339478  44.07683182]
 [417.35641479  30.69326782 446.6116333   54.01761627]
 [418.06164551  31.42620087 448.25604248  53.18476105]
 [320.89593506  48.09973907 346.31347656  67.81199646]
 [320.73284912  48.36483765 346.6131897   68.64656067]
 [416.94595337  41.1013298  447.85650635  66.80309296]
 [417.44631958  45.88630295 450.3109436   71.24549866]
 [321.17694092  49.61687469 346.37927246  69.17549896]
 [422.66503906  72.16026306 453.7097168   99.13657379]
 [423.43704224  73.6186676  453.48327637  99.09777832]
 [422.35461426  73.16960144 454.46759033  98.68019104]
 [321.16491699 103.71089172 348.51739502 125.75767517]
 [323.25863647 102.68164062 348.45440674 122.57357025]
 [426.46759033  99.16051483 459.7114563  127.7093277 ]
 [320.96624756 103.038414   349.84466553 124.8256073 ]
 [323.28100586 102.50701904 349.03259277 123.03844452]
 [427.76046753 100.58565521 459.11758423 128.61141968]
 [428.51361084 101.71618652 459.91848755 129.85493469]
 [281.32171631 138.85964966 304.41113281 167.94703674]
 [281.23748779 141.9969635  305.02941895 170.42295837]
 [280.34335327 172.08807373 304.81063843 201.48684692]
 [319.53070068 174.97058105 348.38146973 196.48970032]
 [321.01831055 175.51040649 348.70263672 197.81736755]
 [446.57873535 173.51327515 477.97042847 201.01205444]
 [445.7572937  173.81832886 477.465271   200.94206238]
 [320.14428711 175.58522034 348.81988525 196.24078369]
 [445.775177   172.71827698 478.26641846 201.67199707]
 [319.91464233 217.11372375 349.41088867 240.55384827]
 [453.05038452 216.01116943 485.34063721 245.19021606]
 [320.9616394  217.33358765 348.37695312 239.70687866]
 [321.0390625  218.42184448 348.86773682 240.63945007]
 [453.38421631 216.25183105 484.95059204 245.10560608]
 [453.67889404 216.79742432 485.23010254 246.09963989]
 [321.80841064 265.55389404 352.04064941 289.20217896]
 [274.18728638 270.01696777 300.33578491 293.91485596]
 [274.03363037 270.09295654 300.09570312 293.32397461]
 [321.56817627 264.90402222 351.14788818 288.92996216]
 [322.24163818 264.91043091 352.45349121 289.26220703]
 [470.92169189 272.10498047 490.1272583  285.20974731]
 [273.27713013 285.03833008 299.83920288 311.22570801]
 [274.46539307 286.85272217 299.12030029 307.91162109]
 [272.94848633 302.32849121 298.90921021 326.47473145]
 [272.19570923 303.55349731 297.90499878 324.40899658]
 [270.55096436 311.70440674 299.32495117 338.7024231 ]
 [269.73608398 312.7605896  296.85314941 338.70233154]
 [267.19897461 329.69317627 296.08929443 350.17178345]
 [452.89331055 215.66976929 485.92919922 247.08734131]
 [423.59820557  73.84137726 454.99575806  97.39940643]
 [428.37567139 100.4570694  459.2512207  128.01771545]
 [429.60577393 101.57325745 460.00494385 127.24345398]
 [318.66342163 173.23161316 348.66522217 197.09855652]
 [445.02243042 171.90142822 478.58154297 201.69039917]
 [445.72180176 173.44578552 478.8885498  201.82606506]
 [453.77905273 217.38276672 486.22216797 245.66169739]
 [453.68411255 217.07159424 486.11148071 245.92927551]
 [320.68383789 265.9336853  350.34002686 289.43017578]
 [320.85528564 265.36752319 351.06951904 290.24755859]]
(1, 220, 11)
(1, 220)
(1, 220) (1, 220, 11)
[[  0.           0.           0.           0.        ]
 [319.19009399  21.85685349 341.65097046  47.00188065]
 [414.47381592  28.00231743 447.66046143  53.98248291]
 [319.89251709  42.35238647 343.44049072  62.29233932]
 [319.60281372  48.23049164 345.10900879  73.77266693]
 [415.28445435  46.81976318 448.04736328  71.57611084]
 [421.12219238  60.74163055 452.2635498   87.30471039]
 [423.44924927  71.82559204 456.39105225 100.07670593]
 [321.55239868 101.72177887 347.83099365 122.89079285]
 [430.85296631 103.07937622 459.42633057 129.47453308]
 [321.77444458 173.86801147 349.64828491 197.45507812]
 [321.76223755 175.42829895 350.84802246 198.94692993]
 [444.79992676 173.03974915 474.38250732 201.59197998]
 [321.47283936 215.58799744 350.23901367 239.7828064 ]
 [320.48132324 215.86480713 350.74914551 241.03718567]
 [456.27642822 219.25947571 482.80780029 242.37680054]
 [456.21563721 222.42514038 479.13439941 241.49482727]
 [322.51080322 265.47781372 351.69833374 290.17160034]
 [321.28573608 264.57418823 353.34597778 290.93518066]
 [473.58447266 271.31002808 488.84197998 282.7930603 ]
 [469.25048828 270.12442017 487.31506348 283.35955811]
 [321.6711731  263.54116821 355.26501465 291.46871948]
 [272.45639038 281.26702881 300.24295044 301.91262817]
 [277.39056396 287.08297729 300.16781616 309.87088013]
 [271.10437012 296.13366699 298.49780273 319.81558228]
 [269.13543701 305.35766602 297.39764404 329.60189819]
 [268.57870483 311.82131958 298.96664429 333.68612671]
 [268.44824219 320.86056519 299.54187012 341.79864502]
 [411.20135498  26.284935   445.05032349  53.85727692]
 [412.63623047  27.17430878 449.62451172  54.65868378]
 [413.40640259  30.14167023 446.39331055  53.61244965]
 [320.18487549  42.81979752 343.07531738  61.8150177 ]
 [319.32403564  48.41453552 345.32250977  73.51428223]
 [413.59127808  46.19291687 449.89001465  72.08052826]
 [420.16687012  60.21268845 453.35595703  87.78353119]
 [420.51660156  69.38552856 456.46032715 101.51412201]
 [421.67077637  70.56378174 458.40216064 101.17110443]
 [321.75567627 101.78591156 347.66265869 122.81663513]
 [422.29458618  94.32804871 463.96685791 129.84274292]
 [319.96905518 103.41394806 353.54077148 126.73487854]
 [430.54867554 102.87983704 459.92993164 129.83151245]
 [321.58868408 173.90472412 349.82385254 197.29878235]
 [321.46456909 175.33956909 351.16299438 198.86474609]
 [443.1322937  171.7555542  476.40774536 203.07780457]
 [321.01193237 215.47592163 350.88131714 240.21144104]
 [319.82781982 215.95048523 351.54510498 241.24087524]
 [455.4241333  218.29669189 483.84262085 243.20228577]
 [456.26864624 222.09750366 479.43225098 241.69754028]
 [322.02514648 265.57919312 352.1918335  290.06314087]
 [320.46191406 264.77487183 354.18545532 290.87203979]
 [473.51947021 271.45526123 488.77047729 282.64007568]
 [469.51382446 270.29193115 487.08584595 283.1060791 ]
 [320.97406006 263.75866699 356.28027344 291.21160889]
 [272.96658325 281.48648071 299.88955688 301.43539429]
 [269.33108521 306.01104736 297.21633911 329.07232666]
 [268.81219482 312.02197266 298.58557129 332.94137573]
 [268.58462524 320.75836182 299.62557983 341.51135254]
 [319.33563232  22.33086967 341.39877319  46.40420532]
 [411.01290894  26.35897827 445.09228516  53.69663239]
 [412.2454834   27.24724579 449.90036011  54.56447983]
 [413.58172607  30.21447945 446.20327759  53.6084671 ]
 [320.36901855  42.80052948 342.81051636  61.85918427]
 [319.237854    48.31893539 345.30187988  73.67062378]
 [413.6187439   46.3041687  449.8553772   71.99025726]
 [419.9786377   60.24954987 453.56369019  87.70820618]
 [420.52459717  69.33532715 456.61889648 101.48421478]
 [421.46206665  70.55316925 458.83441162 101.3008194 ]
 [321.85223389 101.80550385 347.43273926 122.85425568]
 [421.08880615  94.6071701  465.13839722 129.54623413]
 [319.68591309 103.38591003 353.61297607 126.78038025]
 [430.69992065 102.80474854 459.89135742 129.97340393]
 [321.60894775 173.89846802 349.80401611 197.37158203]
 [321.23236084 175.34498596 351.41351318 198.84861755]
 [443.06484985 171.79498291 476.63708496 203.27458191]
 [321.2779541  215.50427246 350.59109497 240.24293518]
 [319.73800659 215.92478943 351.52679443 241.39115906]
 [455.61071777 218.29110718 483.67364502 243.14529419]
 [456.19219971 222.12332153 479.37649536 241.72685242]
 [322.04705811 265.60748291 352.10351562 290.08282471]
 [320.20489502 264.74090576 354.36740112 290.83746338]
 [473.65838623 271.47076416 488.62817383 282.68841553]
 [469.84686279 270.27078247 486.75836182 283.11853027]
 [321.00128174 263.84240723 356.10754395 291.09292603]
 [273.33639526 281.60665894 299.5227356  301.33938599]
 [269.71524048 305.96292114 296.96871948 329.16989136]
 [269.43347168 312.04626465 298.01062012 332.90557861]
 [269.20770264 320.85623169 299.06613159 341.38430786]
 [416.55523682   6.45428705 441.32781982  28.5917244 ]
 [320.78991699  14.1756897  343.12756348  34.91678238]
 [321.02282715  12.84351254 343.93383789  32.64285278]
 [416.13693237  10.27542973 439.43511963  28.4247036 ]
 [418.02062988  12.68483162 442.18206787  31.44934654]
 [320.38250732  18.88454628 343.13198853  43.88548279]
 [417.16918945  30.68509483 446.7300415   54.08306503]
 [417.52874756  31.38558578 448.83355713  53.31706238]
 [320.91723633  48.16765594 346.37835693  67.82000732]
 [320.70849609  48.35668182 346.69430542  68.72866058]
 [416.55807495  40.96703339 448.14086914  66.99778748]
 [416.96447754  46.05677032 450.71884155  71.24570465]
 [321.36151123  49.60788345 346.30023193  69.15724182]
 [422.78530884  72.39988708 453.69473267  99.06681061]
 [422.76208496  73.30516815 454.08111572  99.31651306]
 [422.13473511  73.10643768 454.75628662  98.70521545]
 [321.02279663 103.79566193 348.60656738 125.69277191]
 [323.31588745 102.66160583 348.39279175 122.63861084]
 [426.53588867  99.2255249  459.5736084  127.7963028 ]
 [320.8480835  103.08511353 350.01928711 124.66358948]
 [323.54956055 102.5558548  348.73449707 122.88420105]
 [427.84713745 100.50279236 459.0668335  128.75691223]
 [428.31436157 101.69538879 460.11804199 129.90693665]
 [281.16360474 138.9445343  304.50375366 167.81156921]
 [281.22210693 142.12872314 305.09869385 170.08108521]
 [280.18041992 171.46835327 304.94866943 200.8588562 ]
 [319.65423584 174.81300354 348.44192505 196.29803467]
 [321.19519043 175.38415527 348.51428223 197.71264648]
 [446.60949707 173.48562622 477.94683838 200.9379425 ]
 [445.64471436 173.68934631 477.59814453 200.94606018]
 [320.10870361 175.55012512 348.88006592 196.20379639]
 [445.75930786 172.67822266 478.25466919 201.65658569]
 [319.90603638 217.10983276 349.36077881 240.44483948]
 [452.92816162 216.01368713 485.40023804 245.21018982]
 [320.87548828 217.27326965 348.55859375 239.6159668 ]
 [321.09710693 218.34594727 348.77182007 240.62524414]
 [453.20355225 216.15257263 485.10806274 245.2640686 ]
 [453.60388184 216.57867432 485.28518677 246.19946289]
 [321.74334717 265.67874146 352.02069092 289.14047241]
 [274.22625732 269.69393921 300.31945801 293.68450928]
 [274.09503174 269.4230957  300.16928101 292.81225586]
 [321.43286133 264.80093384 351.38555908 288.8572998 ]
 [322.10943604 264.92205811 352.53045654 289.31726074]
 [273.29083252 284.89016724 299.92868042 311.49969482]
 [274.58874512 286.05581665 298.95718384 307.73074341]
 [272.90484619 301.93920898 298.92547607 326.21090698]
 [272.32006836 302.77563477 297.82861328 324.45471191]
 [270.4163208  311.68716431 299.35412598 339.11581421]
 [269.95532227 312.49572754 296.75311279 339.03741455]
 [267.30944824 328.1690979  295.83428955 348.95062256]
 [322.05368042   7.73118305 341.78985596  25.84851646]
 [416.40917969   6.31724882 441.08792114  28.03964806]
 [320.95965576  14.43671703 342.93087769  34.56007385]
 [321.20266724  13.01136398 343.74575806  32.34217072]
 [416.27703857  10.28529644 439.28601074  28.024786  ]
 [418.30541992  12.64987087 441.84570312  31.08622742]
 [320.36532593  18.90976906 343.07339478  44.07683182]
 [417.35641479  30.69326782 446.6116333   54.01761627]
 [418.06164551  31.42620087 448.25604248  53.18476105]
 [320.89593506  48.09973907 346.31347656  67.81199646]
 [320.73284912  48.36483765 346.6131897   68.64656067]
 [416.94595337  41.1013298  447.85650635  66.80309296]
 [417.44631958  45.88630295 450.3109436   71.24549866]
 [321.17694092  49.61687469 346.37927246  69.17549896]
 [422.66503906  72.16026306 453.7097168   99.13657379]
 [423.43704224  73.6186676  453.48327637  99.09777832]
 [422.35461426  73.16960144 454.46759033  98.68019104]
 [321.16491699 103.71089172 348.51739502 125.75767517]
 [323.25863647 102.68164062 348.45440674 122.57357025]
 [426.46759033  99.16051483 459.7114563  127.7093277 ]
 [320.96624756 103.038414   349.84466553 124.8256073 ]
 [323.28100586 102.50701904 349.03259277 123.03844452]
 [427.76046753 100.58565521 459.11758423 128.61141968]
 [428.51361084 101.71618652 459.91848755 129.85493469]
 [281.32171631 138.85964966 304.41113281 167.94703674]
 [281.23748779 141.9969635  305.02941895 170.42295837]
 [280.34335327 172.08807373 304.81063843 201.48684692]
 [319.53070068 174.97058105 348.38146973 196.48970032]
 [321.01831055 175.51040649 348.70263672 197.81736755]
 [446.57873535 173.51327515 477.97042847 201.01205444]
 [445.7572937  173.81832886 477.465271   200.94206238]
 [320.14428711 175.58522034 348.81988525 196.24078369]
 [445.775177   172.71827698 478.26641846 201.67199707]
 [319.91464233 217.11372375 349.41088867 240.55384827]
 [453.05038452 216.01116943 485.34063721 245.19021606]
 [320.9616394  217.33358765 348.37695312 239.70687866]
 [321.0390625  218.42184448 348.86773682 240.63945007]
 [453.38421631 216.25183105 484.95059204 245.10560608]
 [453.67889404 216.79742432 485.23010254 246.09963989]
 [321.80841064 265.55389404 352.04064941 289.20217896]
 [274.18728638 270.01696777 300.33578491 293.91485596]
 [274.03363037 270.09295654 300.09570312 293.32397461]
 [321.56817627 264.90402222 351.14788818 288.92996216]
 [322.24163818 264.91043091 352.45349121 289.26220703]
 [470.92169189 272.10498047 490.1272583  285.20974731]
 [273.27713013 285.03833008 299.83920288 311.22570801]
 [274.46539307 286.85272217 299.12030029 307.91162109]
 [272.94848633 302.32849121 298.90921021 326.47473145]
 [272.19570923 303.55349731 297.90499878 324.40899658]
 [270.55096436 311.70440674 299.32495117 338.7024231 ]
 [269.73608398 312.7605896  296.85314941 338.70233154]
 [267.19897461 329.69317627 296.08929443 350.17178345]
 [452.89331055 215.66976929 485.92919922 247.08734131]
 [423.59820557  73.84137726 454.99575806  97.39940643]
 [428.37567139 100.4570694  459.2512207  128.01771545]
 [429.60577393 101.57325745 460.00494385 127.24345398]
 [318.66342163 173.23161316 348.66522217 197.09855652]
 [445.02243042 171.90142822 478.58154297 201.69039917]
 [445.72180176 173.44578552 478.8885498  201.82606506]
 [453.77905273 217.38276672 486.22216797 245.66169739]
 [453.68411255 217.07159424 486.11148071 245.92927551]
 [320.68383789 265.9336853  350.34002686 289.43017578]
 [320.85528564 265.36752319 351.06951904 290.24755859]]
(1, 220, 11)
(1, 220)
(1, 220) (1, 220, 11)
[[  0.           0.           0.           0.        ]
 [319.19009399  21.85685349 341.65097046  47.00188065]
 [414.47381592  28.00231743 447.66046143  53.98248291]
 [319.89251709  42.35238647 343.44049072  62.29233932]
 [319.60281372  48.23049164 345.10900879  73.77266693]
 [415.28445435  46.81976318 448.04736328  71.57611084]
 [421.12219238  60.74163055 452.2635498   87.30471039]
 [423.44924927  71.82559204 456.39105225 100.07670593]
 [321.55239868 101.72177887 347.83099365 122.89079285]
 [430.85296631 103.07937622 459.42633057 129.47453308]
 [321.77444458 173.86801147 349.64828491 197.45507812]
 [321.76223755 175.42829895 350.84802246 198.94692993]
 [444.79992676 173.03974915 474.38250732 201.59197998]
 [321.47283936 215.58799744 350.23901367 239.7828064 ]
 [320.48132324 215.86480713 350.74914551 241.03718567]
 [456.27642822 219.25947571 482.80780029 242.37680054]
 [456.21563721 222.42514038 479.13439941 241.49482727]
 [322.51080322 265.47781372 351.69833374 290.17160034]
 [321.28573608 264.57418823 353.34597778 290.93518066]
 [473.58447266 271.31002808 488.84197998 282.7930603 ]
 [469.25048828 270.12442017 487.31506348 283.35955811]
 [321.6711731  263.54116821 355.26501465 291.46871948]
 [272.45639038 281.26702881 300.24295044 301.91262817]
 [277.39056396 287.08297729 300.16781616 309.87088013]
 [271.10437012 296.13366699 298.49780273 319.81558228]
 [269.13543701 305.35766602 297.39764404 329.60189819]
 [268.57870483 311.82131958 298.96664429 333.68612671]
 [268.44824219 320.86056519 299.54187012 341.79864502]
 [411.20135498  26.284935   445.05032349  53.85727692]
 [412.63623047  27.17430878 449.62451172  54.65868378]
 [413.40640259  30.14167023 446.39331055  53.61244965]
 [320.18487549  42.81979752 343.07531738  61.8150177 ]
 [319.32403564  48.41453552 345.32250977  73.51428223]
 [413.59127808  46.19291687 449.89001465  72.08052826]
 [420.16687012  60.21268845 453.35595703  87.78353119]
 [420.51660156  69.38552856 456.46032715 101.51412201]
 [421.67077637  70.56378174 458.40216064 101.17110443]
 [321.75567627 101.78591156 347.66265869 122.81663513]
 [422.29458618  94.32804871 463.96685791 129.84274292]
 [319.96905518 103.41394806 353.54077148 126.73487854]
 [430.54867554 102.87983704 459.92993164 129.83151245]
 [321.58868408 173.90472412 349.82385254 197.29878235]
 [321.46456909 175.33956909 351.16299438 198.86474609]
 [443.1322937  171.7555542  476.40774536 203.07780457]
 [321.01193237 215.47592163 350.88131714 240.21144104]
 [319.82781982 215.95048523 351.54510498 241.24087524]
 [455.4241333  218.29669189 483.84262085 243.20228577]
 [456.26864624 222.09750366 479.43225098 241.69754028]
 [322.02514648 265.57919312 352.1918335  290.06314087]
 [320.46191406 264.77487183 354.18545532 290.87203979]
 [473.51947021 271.45526123 488.77047729 282.64007568]
 [469.51382446 270.29193115 487.08584595 283.1060791 ]
 [320.97406006 263.75866699 356.28027344 291.21160889]
 [272.96658325 281.48648071 299.88955688 301.43539429]
 [269.33108521 306.01104736 297.21633911 329.07232666]
 [268.81219482 312.02197266 298.58557129 332.94137573]
 [268.58462524 320.75836182 299.62557983 341.51135254]
 [319.33563232  22.33086967 341.39877319  46.40420532]
 [411.01290894  26.35897827 445.09228516  53.69663239]
 [412.2454834   27.24724579 449.90036011  54.56447983]
 [413.58172607  30.21447945 446.20327759  53.6084671 ]
 [320.36901855  42.80052948 342.81051636  61.85918427]
 [319.237854    48.31893539 345.30187988  73.67062378]
 [413.6187439   46.3041687  449.8553772   71.99025726]
 [419.9786377   60.24954987 453.56369019  87.70820618]
 [420.52459717  69.33532715 456.61889648 101.48421478]
 [421.46206665  70.55316925 458.83441162 101.3008194 ]
 [321.85223389 101.80550385 347.43273926 122.85425568]
 [421.08880615  94.6071701  465.13839722 129.54623413]
 [319.68591309 103.38591003 353.61297607 126.78038025]
 [430.69992065 102.80474854 459.89135742 129.97340393]
 [321.60894775 173.89846802 349.80401611 197.37158203]
 [321.23236084 175.34498596 351.41351318 198.84861755]
 [443.06484985 171.79498291 476.63708496 203.27458191]
 [321.2779541  215.50427246 350.59109497 240.24293518]
 [319.73800659 215.92478943 351.52679443 241.39115906]
 [455.61071777 218.29110718 483.67364502 243.14529419]
 [456.19219971 222.12332153 479.37649536 241.72685242]
 [322.04705811 265.60748291 352.10351562 290.08282471]
 [320.20489502 264.74090576 354.36740112 290.83746338]
 [473.65838623 271.47076416 488.62817383 282.68841553]
 [469.84686279 270.27078247 486.75836182 283.11853027]
 [321.00128174 263.84240723 356.10754395 291.09292603]
 [273.33639526 281.60665894 299.5227356  301.33938599]
 [269.71524048 305.96292114 296.96871948 329.16989136]
 [269.43347168 312.04626465 298.01062012 332.90557861]
 [269.20770264 320.85623169 299.06613159 341.38430786]
 [416.55523682   6.45428705 441.32781982  28.5917244 ]
 [320.78991699  14.1756897  343.12756348  34.91678238]
 [321.02282715  12.84351254 343.93383789  32.64285278]
 [416.13693237  10.27542973 439.43511963  28.4247036 ]
 [418.02062988  12.68483162 442.18206787  31.44934654]
 [320.38250732  18.88454628 343.13198853  43.88548279]
 [417.16918945  30.68509483 446.7300415   54.08306503]
 [417.52874756  31.38558578 448.83355713  53.31706238]
 [320.91723633  48.16765594 346.37835693  67.82000732]
 [320.70849609  48.35668182 346.69430542  68.72866058]
 [416.55807495  40.96703339 448.14086914  66.99778748]
 [416.96447754  46.05677032 450.71884155  71.24570465]
 [321.36151123  49.60788345 346.30023193  69.15724182]
 [422.78530884  72.39988708 453.69473267  99.06681061]
 [422.76208496  73.30516815 454.08111572  99.31651306]
 [422.13473511  73.10643768 454.75628662  98.70521545]
 [321.02279663 103.79566193 348.60656738 125.69277191]
 [323.31588745 102.66160583 348.39279175 122.63861084]
 [426.53588867  99.2255249  459.5736084  127.7963028 ]
 [320.8480835  103.08511353 350.01928711 124.66358948]
 [323.54956055 102.5558548  348.73449707 122.88420105]
 [427.84713745 100.50279236 459.0668335  128.75691223]
 [428.31436157 101.69538879 460.11804199 129.90693665]
 [281.16360474 138.9445343  304.50375366 167.81156921]
 [281.22210693 142.12872314 305.09869385 170.08108521]
 [280.18041992 171.46835327 304.94866943 200.8588562 ]
 [319.65423584 174.81300354 348.44192505 196.29803467]
 [321.19519043 175.38415527 348.51428223 197.71264648]
 [446.60949707 173.48562622 477.94683838 200.9379425 ]
 [445.64471436 173.68934631 477.59814453 200.94606018]
 [320.10870361 175.55012512 348.88006592 196.20379639]
 [445.75930786 172.67822266 478.25466919 201.65658569]
 [319.90603638 217.10983276 349.36077881 240.44483948]
 [452.92816162 216.01368713 485.40023804 245.21018982]
 [320.87548828 217.27326965 348.55859375 239.6159668 ]
 [321.09710693 218.34594727 348.77182007 240.62524414]
 [453.20355225 216.15257263 485.10806274 245.2640686 ]
 [453.60388184 216.57867432 485.28518677 246.19946289]
 [321.74334717 265.67874146 352.02069092 289.14047241]
 [274.22625732 269.69393921 300.31945801 293.68450928]
 [274.09503174 269.4230957  300.16928101 292.81225586]
 [321.43286133 264.80093384 351.38555908 288.8572998 ]
 [322.10943604 264.92205811 352.53045654 289.31726074]
 [273.29083252 284.89016724 299.92868042 311.49969482]
 [274.58874512 286.05581665 298.95718384 307.73074341]
 [272.90484619 301.93920898 298.92547607 326.21090698]
 [272.32006836 302.77563477 297.82861328 324.45471191]
 [270.4163208  311.68716431 299.35412598 339.11581421]
 [269.95532227 312.49572754 296.75311279 339.03741455]
 [267.30944824 328.1690979  295.83428955 348.95062256]
 [322.05368042   7.73118305 341.78985596  25.84851646]
 [416.40917969   6.31724882 441.08792114  28.03964806]
 [320.95965576  14.43671703 342.93087769  34.56007385]
 [321.20266724  13.01136398 343.74575806  32.34217072]
 [416.27703857  10.28529644 439.28601074  28.024786  ]
 [418.30541992  12.64987087 441.84570312  31.08622742]
 [320.36532593  18.90976906 343.07339478  44.07683182]
 [417.35641479  30.69326782 446.6116333   54.01761627]
 [418.06164551  31.42620087 448.25604248  53.18476105]
 [320.89593506  48.09973907 346.31347656  67.81199646]
 [320.73284912  48.36483765 346.6131897   68.64656067]
 [416.94595337  41.1013298  447.85650635  66.80309296]
 [417.44631958  45.88630295 450.3109436   71.24549866]
 [321.17694092  49.61687469 346.37927246  69.17549896]
 [422.66503906  72.16026306 453.7097168   99.13657379]
 [423.43704224  73.6186676  453.48327637  99.09777832]
 [422.35461426  73.16960144 454.46759033  98.68019104]
 [321.16491699 103.71089172 348.51739502 125.75767517]
 [323.25863647 102.68164062 348.45440674 122.57357025]
 [426.46759033  99.16051483 459.7114563  127.7093277 ]
 [320.96624756 103.038414   349.84466553 124.8256073 ]
 [323.28100586 102.50701904 349.03259277 123.03844452]
 [427.76046753 100.58565521 459.11758423 128.61141968]
 [428.51361084 101.71618652 459.91848755 129.85493469]
 [281.32171631 138.85964966 304.41113281 167.94703674]
 [281.23748779 141.9969635  305.02941895 170.42295837]
 [280.34335327 172.08807373 304.81063843 201.48684692]
 [319.53070068 174.97058105 348.38146973 196.48970032]
 [321.01831055 175.51040649 348.70263672 197.81736755]
 [446.57873535 173.51327515 477.97042847 201.01205444]
 [445.7572937  173.81832886 477.465271   200.94206238]
 [320.14428711 175.58522034 348.81988525 196.24078369]
 [445.775177   172.71827698 478.26641846 201.67199707]
 [319.91464233 217.11372375 349.41088867 240.55384827]
 [453.05038452 216.01116943 485.34063721 245.19021606]
 [320.9616394  217.33358765 348.37695312 239.70687866]
 [321.0390625  218.42184448 348.86773682 240.63945007]
 [453.38421631 216.25183105 484.95059204 245.10560608]
 [453.67889404 216.79742432 485.23010254 246.09963989]
 [321.80841064 265.55389404 352.04064941 289.20217896]
 [274.18728638 270.01696777 300.33578491 293.91485596]
 [274.03363037 270.09295654 300.09570312 293.32397461]
 [321.56817627 264.90402222 351.14788818 288.92996216]
 [322.24163818 264.91043091 352.45349121 289.26220703]
 [470.92169189 272.10498047 490.1272583  285.20974731]
 [273.27713013 285.03833008 299.83920288 311.22570801]
 [274.46539307 286.85272217 299.12030029 307.91162109]
 [272.94848633 302.32849121 298.90921021 326.47473145]
 [272.19570923 303.55349731 297.90499878 324.40899658]
 [270.55096436 311.70440674 299.32495117 338.7024231 ]
 [269.73608398 312.7605896  296.85314941 338.70233154]
 [267.19897461 329.69317627 296.08929443 350.17178345]
 [452.89331055 215.66976929 485.92919922 247.08734131]
 [423.59820557  73.84137726 454.99575806  97.39940643]
 [428.37567139 100.4570694  459.2512207  128.01771545]
 [429.60577393 101.57325745 460.00494385 127.24345398]
 [318.66342163 173.23161316 348.66522217 197.09855652]
 [445.02243042 171.90142822 478.58154297 201.69039917]
 [445.72180176 173.44578552 478.8885498  201.82606506]
 [453.77905273 217.38276672 486.22216797 245.66169739]
 [453.68411255 217.07159424 486.11148071 245.92927551]
 [320.68383789 265.9336853  350.34002686 289.43017578]
 [320.85528564 265.36752319 351.06951904 290.24755859]]
(200, 11) [[0.00000000e+00 0.00000000e+00 0.00000000e+00 ... 0.00000000e+00
  0.00000000e+00 0.00000000e+00]
 [3.19190094e+02 2.18568535e+01 3.41650970e+02 ... 9.05312307e-04
  6.42901461e-04 5.49830147e-04]
 [4.14473816e+02 2.80023174e+01 4.47660461e+02 ... 9.91653144e-01
  4.26295825e-04 2.73023703e-04]
 ...
 [4.53684113e+02 2.17071594e+02 4.86111481e+02 ... 9.94751394e-01
  2.36768229e-03 1.70752185e-03]
 [3.20683838e+02 2.65933685e+02 3.50340027e+02 ... 1.14384703e-02
  5.57202473e-03 3.14722955e-03]
 [3.20855286e+02 2.65367523e+02 3.51069519e+02 ... 4.66767838e-03
  1.66417216e-03 1.58132229e-03]]
(21, 11) [[3.20875488e+02 2.17273270e+02 3.48558594e+02 2.39615967e+02
  9.03862834e-01 1.39966083e-03 1.12215034e-03 9.99146104e-01
  9.80947982e-04 2.18000566e-03 1.38328865e-03]
 [4.53203552e+02 2.16152573e+02 4.85108063e+02 2.45264069e+02
  8.77303183e-01 1.32211507e-03 1.38199038e-03 5.63601439e-04
  9.98864055e-01 7.16679962e-04 1.12070399e-03]
 [4.45721802e+02 1.73445786e+02 4.78888550e+02 2.01826065e+02
  8.66143107e-01 2.39418400e-03 3.51721281e-03 3.71354911e-03
  9.94127989e-01 2.98052980e-03 1.78411778e-03]
 [3.21432861e+02 2.64800934e+02 3.51385559e+02 2.88857300e+02
  8.18254709e-01 2.08171131e-03 1.52220996e-03 9.98353958e-01
  1.39732752e-03 2.11851601e-03 1.26739289e-03]
 [4.27847137e+02 1.00502792e+02 4.59066833e+02 1.28756912e+02
  8.17838371e-01 8.59777560e-04 1.30321400e-03 5.07871795e-04
  9.99578059e-01 1.05736358e-03 9.28832102e-04]
 [3.20966248e+02 1.03038414e+02 3.49844666e+02 1.24825607e+02
  8.04830849e-01 8.44999449e-04 6.79328048e-04 9.99804080e-01
  3.36252939e-04 8.45899980e-04 6.31072035e-04]
 [3.19530701e+02 1.74970581e+02 3.48381470e+02 1.96489700e+02
  7.89807856e-01 1.67438493e-03 2.11217976e-03 9.99462306e-01
  6.89579640e-04 2.18596868e-03 1.53718365e-03]
 [4.73658386e+02 2.71470764e+02 4.88628174e+02 2.82688416e+02
  7.83275485e-01 9.67573069e-05 7.98297551e-05 3.34251818e-04
  9.99927521e-01 5.33710263e-05 1.74380155e-04]
 [4.22354614e+02 7.31696014e+01 4.54467590e+02 9.86801910e+01
  7.33532429e-01 6.10579853e-04 1.70851708e-03 2.20716393e-04
  9.99626994e-01 1.07438571e-03 7.71697203e-04]
 [3.20895935e+02 4.80997391e+01 3.46313477e+02 6.78119965e+01
  7.09338367e-01 1.95376179e-03 1.68417417e-03 9.99112785e-01
  1.12000958e-03 2.27028714e-03 1.48013094e-03]
 [4.17446320e+02 4.58863029e+01 4.50310944e+02 7.12454987e+01
  6.75128639e-01 1.00030715e-03 3.08912224e-03 5.01974369e-04
  9.99098182e-01 1.40776602e-03 8.92234209e-04]
 [4.17528748e+02 3.13855858e+01 4.48833557e+02 5.33170624e+01
  6.25231564e-01 1.41861720e-03 1.84815971e-03 8.33024736e-04
  9.99205768e-01 1.64274999e-03 9.96591523e-04]
 [2.81222107e+02 1.42128723e+02 3.05098694e+02 1.70081085e+02
  5.79682052e-01 4.51986125e-04 9.99191463e-01 1.32624398e-03
  1.65936083e-03 8.04017007e-04 1.12631533e-03]
 [4.16277039e+02 1.02852964e+01 4.39286011e+02 2.80247860e+01
  5.34773827e-01 6.86508603e-04 1.07242423e-03 6.38566737e-04
  9.99663711e-01 9.13637283e-04 9.50319692e-04]
 [3.20959656e+02 1.44367170e+01 3.42930878e+02 3.45600739e+01
  5.02735615e-01 2.73647369e-03 2.59417435e-03 9.98517096e-01
  2.57128850e-03 2.12305505e-03 2.01562420e-03]
 [2.69433472e+02 3.12046265e+02 2.98010620e+02 3.32905579e+02
  4.72313881e-01 2.48931884e-03 9.99809325e-01 4.66388046e-05
  3.53217591e-04 9.69198300e-05 1.76418835e-04]
 [2.73277130e+02 2.85038330e+02 2.99839203e+02 3.11225708e+02
  4.42163438e-01 1.06936794e-04 9.99851823e-01 8.49749893e-04
  8.56563915e-04 3.75727686e-04 5.70957200e-04]
 [2.74187286e+02 2.70016968e+02 3.00335785e+02 2.93914856e+02
  4.06651288e-01 1.27886058e-04 9.99887228e-01 7.06705265e-04
  6.29845948e-04 5.25394455e-04 7.24387297e-04]
 [2.67198975e+02 3.29693176e+02 2.96089294e+02 3.50171783e+02
  4.04293150e-01 3.86395724e-04 9.99135435e-01 3.41508421e-03
  1.48516719e-03 1.59987097e-03 9.71968693e-04]
 [2.80180420e+02 1.71468353e+02 3.04948669e+02 2.00858856e+02
  3.22390556e-01 4.48569976e-04 9.99755085e-01 4.71559906e-04
  1.40655052e-03 7.61362840e-04 1.15609134e-03]
 [0.00000000e+00 0.00000000e+00 0.00000000e+00 0.00000000e+00
  0.00000000e+00 0.00000000e+00 0.00000000e+00 0.00000000e+00
  0.00000000e+00 0.00000000e+00 0.00000000e+00]]
runtime: 0.7981741428375244
